c:\projects\runcpm\debug\vc142.pdb
c:\projects\runcpm\debug\vc142.idb
c:\projects\runcpm\debug\lobject.obj
c:\projects\runcpm\debug\loadlib.obj
c:\projects\runcpm\debug\lmem.obj
c:\projects\runcpm\debug\lmathlib.obj
c:\projects\runcpm\debug\llex.obj
c:\projects\runcpm\debug\liolib.obj
c:\projects\runcpm\debug\linit.obj
c:\projects\runcpm\debug\lgc.obj
c:\projects\runcpm\debug\lfunc.obj
c:\projects\runcpm\debug\ldump.obj
c:\projects\runcpm\debug\ldo.obj
c:\projects\runcpm\debug\ldebug.obj
c:\projects\runcpm\debug\ldblib.obj
c:\projects\runcpm\debug\lctype.obj
c:\projects\runcpm\debug\lcorolib.obj
c:\projects\runcpm\debug\lcode.obj
c:\projects\runcpm\debug\lbitlib.obj
c:\projects\runcpm\debug\lbaselib.obj
c:\projects\runcpm\debug\lauxlib.obj
c:\projects\runcpm\debug\lapi.obj
c:\projects\runcpm\debug\main.obj
c:\projects\runcpm\debug\lzio.obj
c:\projects\runcpm\debug\lvm.obj
c:\projects\runcpm\debug\lutf8lib.obj
c:\projects\runcpm\debug\lundump.obj
c:\projects\runcpm\debug\ltm.obj
c:\projects\runcpm\debug\ltablib.obj
c:\projects\runcpm\debug\ltable.obj
c:\projects\runcpm\debug\lstrlib.obj
c:\projects\runcpm\debug\lstring.obj
c:\projects\runcpm\debug\lstate.obj
c:\projects\runcpm\debug\lparser.obj
c:\projects\runcpm\debug\loslib.obj
c:\projects\runcpm\debug\lopcodes.obj
c:\projects\runcpm\debug\runcpm.res
c:\projects\runcpm\debug\runcpm.pdb
c:\projects\runcpm\debug\runcpm.tlog\cl.command.1.tlog
c:\projects\runcpm\debug\runcpm.tlog\cl.read.1.tlog
c:\projects\runcpm\debug\runcpm.tlog\cl.write.1.tlog
c:\projects\runcpm\debug\runcpm.tlog\link-cvtres.read.1.tlog
c:\projects\runcpm\debug\runcpm.tlog\link-cvtres.write.1.tlog
c:\projects\runcpm\debug\runcpm.tlog\link-rc.read.1.tlog
c:\projects\runcpm\debug\runcpm.tlog\link-rc.write.1.tlog
c:\projects\runcpm\debug\runcpm.tlog\link.9792-cvtres.read.1.tlog
c:\projects\runcpm\debug\runcpm.tlog\link.9792-cvtres.write.1.tlog
c:\projects\runcpm\debug\runcpm.tlog\link.9792-rc.read.1.tlog
c:\projects\runcpm\debug\runcpm.tlog\link.9792-rc.write.1.tlog
c:\projects\runcpm\debug\runcpm.tlog\link.9792.read.1.tlog
c:\projects\runcpm\debug\runcpm.tlog\link.9792.write.1.tlog
c:\projects\runcpm\debug\runcpm.tlog\link.command.1.tlog
c:\projects\runcpm\debug\runcpm.tlog\link.read.1.tlog
c:\projects\runcpm\debug\runcpm.tlog\link.write.1.tlog
c:\projects\runcpm\debug\runcpm.tlog\rc.command.1.tlog
c:\projects\runcpm\debug\runcpm.tlog\rc.read.1.tlog
c:\projects\runcpm\debug\runcpm.tlog\rc.write.1.tlog
